{"log.level":"info","@timestamp":"2023-12-23T00:48:44.499Z","process.pid":49731,"host.hostname":"leo-mac","ecs.version":"8.10.0","service.name":"my-service-name","service.version":"1.0.0","service.environment":"my-environment","event.dataset":"my-service-name","message":"hi"}
{"log.level":"info","@timestamp":"2023-12-23T00:48:44.734Z","process.pid":49731,"host.hostname":"leo-mac","ecs.version":"8.10.0","service.name":"my-service-name","service.version":"1.0.0","service.environment":"my-environment","event.dataset":"my-service-name","message":"Connected to database."}
{"log.level":"info","@timestamp":"2023-12-23T00:48:44.736Z","process.pid":49731,"host.hostname":"leo-mac","ecs.version":"8.10.0","service.name":"my-service-name","service.version":"1.0.0","service.environment":"my-environment","event.dataset":"my-service-name","message":"Listening on port 7777"}
{"log.level":"info","@timestamp":"2023-12-23T00:50:04.484Z","process.pid":49731,"host.hostname":"leo-mac","ecs.version":"8.10.0","service.name":"my-service-name","service.version":"1.0.0","service.environment":"my-environment","event.dataset":"my-service-name","message":"Adding to DB"}
{"log.level":"info","@timestamp":"2023-12-23T00:50:04.495Z","process.pid":49731,"host.hostname":"leo-mac","ecs.version":"8.10.0","service.name":"my-service-name","service.version":"1.0.0","service.environment":"my-environment","event.dataset":"my-service-name","message":"Opened API"}
{"log.level":"info","@timestamp":"2023-12-23T00:50:08.540Z","process.pid":49731,"host.hostname":"leo-mac","ecs.version":"8.10.0","service.name":"my-service-name","service.version":"1.0.0","service.environment":"my-environment","event.dataset":"my-service-name","message":"Adding to DB"}
{"log.level":"info","@timestamp":"2023-12-23T00:50:08.552Z","process.pid":49731,"host.hostname":"leo-mac","ecs.version":"8.10.0","service.name":"my-service-name","service.version":"1.0.0","service.environment":"my-environment","event.dataset":"my-service-name","message":"Opened API"}
{"log.level":"info","@timestamp":"2023-12-23T00:50:10.144Z","process.pid":49731,"host.hostname":"leo-mac","ecs.version":"8.10.0","service.name":"my-service-name","service.version":"1.0.0","service.environment":"my-environment","event.dataset":"my-service-name","message":"Deleting from DB."}
{"log.level":"info","@timestamp":"2023-12-23T00:50:10.153Z","process.pid":49731,"host.hostname":"leo-mac","ecs.version":"8.10.0","service.name":"my-service-name","service.version":"1.0.0","service.environment":"my-environment","event.dataset":"my-service-name","message":"Opened API"}
{"log.level":"info","@timestamp":"2023-12-23T00:50:10.827Z","process.pid":49731,"host.hostname":"leo-mac","ecs.version":"8.10.0","service.name":"my-service-name","service.version":"1.0.0","service.environment":"my-environment","event.dataset":"my-service-name","message":"Deleting from DB."}
{"log.level":"info","@timestamp":"2023-12-23T00:50:10.837Z","process.pid":49731,"host.hostname":"leo-mac","ecs.version":"8.10.0","service.name":"my-service-name","service.version":"1.0.0","service.environment":"my-environment","event.dataset":"my-service-name","message":"Opened API"}
{"log.level":"info","@timestamp":"2023-12-23T00:50:15.432Z","process.pid":49731,"host.hostname":"leo-mac","ecs.version":"8.10.0","service.name":"my-service-name","service.version":"1.0.0","service.environment":"my-environment","event.dataset":"my-service-name","message":"Opened API"}
{"log.level":"info","@timestamp":"2023-12-23T00:50:17.729Z","process.pid":49731,"host.hostname":"leo-mac","ecs.version":"8.10.0","service.name":"my-service-name","service.version":"1.0.0","service.environment":"my-environment","event.dataset":"my-service-name","message":"Deleting from DB."}
{"log.level":"info","@timestamp":"2023-12-23T00:50:17.737Z","process.pid":49731,"host.hostname":"leo-mac","ecs.version":"8.10.0","service.name":"my-service-name","service.version":"1.0.0","service.environment":"my-environment","event.dataset":"my-service-name","message":"Opened API"}
{"log.level":"info","@timestamp":"2023-12-23T01:28:17.475Z","process.pid":50284,"host.hostname":"leo-mac","ecs.version":"8.10.0","service.name":"my-service-name","service.version":"1.0.0","service.environment":"my-environment","event.dataset":"my-service-name","message":"Connected to database."}
{"log.level":"info","@timestamp":"2023-12-23T01:28:17.477Z","process.pid":50284,"host.hostname":"leo-mac","ecs.version":"8.10.0","service.name":"my-service-name","service.version":"1.0.0","service.environment":"my-environment","event.dataset":"my-service-name","message":"Listening on port 7777"}
{"log.level":"info","@timestamp":"2023-12-23T01:28:35.759Z","process.pid":50284,"host.hostname":"leo-mac","ecs.version":"8.10.0","service.name":"my-service-name","service.version":"1.0.0","service.environment":"my-environment","event.dataset":"my-service-name","message":"Deleting from DB."}
{"log.level":"info","@timestamp":"2023-12-23T01:28:35.777Z","process.pid":50284,"host.hostname":"leo-mac","ecs.version":"8.10.0","service.name":"my-service-name","service.version":"1.0.0","service.environment":"my-environment","event.dataset":"my-service-name","message":"Opened API"}
{"log.level":"info","@timestamp":"2023-12-23T01:28:36.782Z","process.pid":50284,"host.hostname":"leo-mac","ecs.version":"8.10.0","service.name":"my-service-name","service.version":"1.0.0","service.environment":"my-environment","event.dataset":"my-service-name","message":"Deleting from DB."}
{"log.level":"info","@timestamp":"2023-12-23T01:28:36.791Z","process.pid":50284,"host.hostname":"leo-mac","ecs.version":"8.10.0","service.name":"my-service-name","service.version":"1.0.0","service.environment":"my-environment","event.dataset":"my-service-name","message":"Opened API"}
{"log.level":"info","@timestamp":"2023-12-23T01:28:37.315Z","process.pid":50284,"host.hostname":"leo-mac","ecs.version":"8.10.0","service.name":"my-service-name","service.version":"1.0.0","service.environment":"my-environment","event.dataset":"my-service-name","message":"Deleting from DB."}
{"log.level":"info","@timestamp":"2023-12-23T01:28:37.327Z","process.pid":50284,"host.hostname":"leo-mac","ecs.version":"8.10.0","service.name":"my-service-name","service.version":"1.0.0","service.environment":"my-environment","event.dataset":"my-service-name","message":"Opened API"}
{"log.level":"info","@timestamp":"2023-12-23T01:28:37.901Z","process.pid":50284,"host.hostname":"leo-mac","ecs.version":"8.10.0","service.name":"my-service-name","service.version":"1.0.0","service.environment":"my-environment","event.dataset":"my-service-name","message":"Deleting from DB."}
{"log.level":"info","@timestamp":"2023-12-23T01:28:37.910Z","process.pid":50284,"host.hostname":"leo-mac","ecs.version":"8.10.0","service.name":"my-service-name","service.version":"1.0.0","service.environment":"my-environment","event.dataset":"my-service-name","message":"Opened API"}
{"log.level":"info","@timestamp":"2023-12-23T01:42:16.103Z","process.pid":50505,"host.hostname":"leo-mac","ecs.version":"8.10.0","service.name":"my-service-name","service.version":"1.0.0","service.environment":"my-environment","event.dataset":"my-service-name","message":"Connected to database."}
{"log.level":"info","@timestamp":"2023-12-23T01:42:16.105Z","process.pid":50505,"host.hostname":"leo-mac","ecs.version":"8.10.0","service.name":"my-service-name","service.version":"1.0.0","service.environment":"my-environment","event.dataset":"my-service-name","message":"Listening on port 7777"}
{"log.level":"info","@timestamp":"2023-12-23T01:42:37.479Z","process.pid":50505,"host.hostname":"leo-mac","ecs.version":"8.10.0","service.name":"my-service-name","service.version":"1.0.0","service.environment":"my-environment","event.dataset":"my-service-name","message":"Opened API"}
{"log.level":"info","@timestamp":"2023-12-23T01:43:36.017Z","process.pid":50505,"host.hostname":"leo-mac","ecs.version":"8.10.0","service.name":"my-service-name","service.version":"1.0.0","service.environment":"my-environment","event.dataset":"my-service-name","message":"Opened API"}
{"log.level":"info","@timestamp":"2023-12-23T01:43:38.172Z","process.pid":50505,"host.hostname":"leo-mac","ecs.version":"8.10.0","service.name":"my-service-name","service.version":"1.0.0","service.environment":"my-environment","event.dataset":"my-service-name","message":"Opened API"}
{"log.level":"info","@timestamp":"2023-12-23T01:43:40.486Z","process.pid":50505,"host.hostname":"leo-mac","ecs.version":"8.10.0","service.name":"my-service-name","service.version":"1.0.0","service.environment":"my-environment","event.dataset":"my-service-name","message":"Adding to DB"}
{"log.level":"info","@timestamp":"2023-12-23T01:43:40.494Z","process.pid":50505,"host.hostname":"leo-mac","ecs.version":"8.10.0","service.name":"my-service-name","service.version":"1.0.0","service.environment":"my-environment","event.dataset":"my-service-name","message":"Opened API"}
{"log.level":"info","@timestamp":"2023-12-23T01:43:42.743Z","process.pid":50505,"host.hostname":"leo-mac","ecs.version":"8.10.0","service.name":"my-service-name","service.version":"1.0.0","service.environment":"my-environment","event.dataset":"my-service-name","message":"Adding to DB"}
{"log.level":"info","@timestamp":"2023-12-23T01:43:42.754Z","process.pid":50505,"host.hostname":"leo-mac","ecs.version":"8.10.0","service.name":"my-service-name","service.version":"1.0.0","service.environment":"my-environment","event.dataset":"my-service-name","message":"Opened API"}
{"log.level":"info","@timestamp":"2023-12-23T01:46:07.096Z","process.pid":50505,"host.hostname":"leo-mac","ecs.version":"8.10.0","service.name":"my-service-name","service.version":"1.0.0","service.environment":"my-environment","event.dataset":"my-service-name","message":"Adding to DB"}
{"log.level":"info","@timestamp":"2023-12-23T01:46:07.123Z","process.pid":50505,"host.hostname":"leo-mac","ecs.version":"8.10.0","service.name":"my-service-name","service.version":"1.0.0","service.environment":"my-environment","event.dataset":"my-service-name","message":"Opened API"}
{"log.level":"info","@timestamp":"2023-12-23T01:46:08.108Z","process.pid":50505,"host.hostname":"leo-mac","ecs.version":"8.10.0","service.name":"my-service-name","service.version":"1.0.0","service.environment":"my-environment","event.dataset":"my-service-name","message":"Deleting from DB."}
{"log.level":"info","@timestamp":"2023-12-23T01:46:08.120Z","process.pid":50505,"host.hostname":"leo-mac","ecs.version":"8.10.0","service.name":"my-service-name","service.version":"1.0.0","service.environment":"my-environment","event.dataset":"my-service-name","message":"Opened API"}
{"log.level":"info","@timestamp":"2023-12-23T01:46:09.075Z","process.pid":50505,"host.hostname":"leo-mac","ecs.version":"8.10.0","service.name":"my-service-name","service.version":"1.0.0","service.environment":"my-environment","event.dataset":"my-service-name","message":"Deleting from DB."}
{"log.level":"info","@timestamp":"2023-12-23T01:46:09.087Z","process.pid":50505,"host.hostname":"leo-mac","ecs.version":"8.10.0","service.name":"my-service-name","service.version":"1.0.0","service.environment":"my-environment","event.dataset":"my-service-name","message":"Opened API"}
{"log.level":"info","@timestamp":"2023-12-23T01:46:09.728Z","process.pid":50505,"host.hostname":"leo-mac","ecs.version":"8.10.0","service.name":"my-service-name","service.version":"1.0.0","service.environment":"my-environment","event.dataset":"my-service-name","message":"Deleting from DB."}
{"log.level":"info","@timestamp":"2023-12-23T01:46:09.738Z","process.pid":50505,"host.hostname":"leo-mac","ecs.version":"8.10.0","service.name":"my-service-name","service.version":"1.0.0","service.environment":"my-environment","event.dataset":"my-service-name","message":"Opened API"}
{"log.level":"info","@timestamp":"2023-12-23T01:50:21.778Z","process.pid":50505,"host.hostname":"leo-mac","ecs.version":"8.10.0","service.name":"my-service-name","service.version":"1.0.0","service.environment":"my-environment","event.dataset":"my-service-name","message":"Adding to DB"}
{"log.level":"info","@timestamp":"2023-12-23T01:50:21.784Z","process.pid":50505,"host.hostname":"leo-mac","ecs.version":"8.10.0","service.name":"my-service-name","service.version":"1.0.0","service.environment":"my-environment","event.dataset":"my-service-name","message":"Opened API"}
{"log.level":"info","@timestamp":"2023-12-23T02:04:38.802Z","process.pid":50505,"host.hostname":"leo-mac","ecs.version":"8.10.0","service.name":"my-service-name","service.version":"1.0.0","service.environment":"my-environment","event.dataset":"my-service-name","message":"Adding to DB"}
{"log.level":"info","@timestamp":"2023-12-23T02:04:38.810Z","process.pid":50505,"host.hostname":"leo-mac","ecs.version":"8.10.0","service.name":"my-service-name","service.version":"1.0.0","service.environment":"my-environment","event.dataset":"my-service-name","message":"Opened API"}
{"log.level":"info","@timestamp":"2023-12-23T02:04:41.518Z","process.pid":50505,"host.hostname":"leo-mac","ecs.version":"8.10.0","service.name":"my-service-name","service.version":"1.0.0","service.environment":"my-environment","event.dataset":"my-service-name","message":"Adding to DB"}
{"log.level":"info","@timestamp":"2023-12-23T02:04:41.527Z","process.pid":50505,"host.hostname":"leo-mac","ecs.version":"8.10.0","service.name":"my-service-name","service.version":"1.0.0","service.environment":"my-environment","event.dataset":"my-service-name","message":"Opened API"}
{"log.level":"info","@timestamp":"2023-12-23T02:36:45.404Z","process.pid":51123,"host.hostname":"leo-mac","ecs.version":"8.10.0","service.name":"keeps","service.version":"1.0.0","service.environment":"keeps-env","event.dataset":"keeps","message":"Connected to database."}
{"log.level":"info","@timestamp":"2023-12-23T02:36:45.407Z","process.pid":51123,"host.hostname":"leo-mac","ecs.version":"8.10.0","service.name":"keeps","service.version":"1.0.0","service.environment":"keeps-env","event.dataset":"keeps","message":"Listening on port 7777"}
{"log.level":"info","@timestamp":"2023-12-23T02:41:42.511Z","process.pid":51123,"host.hostname":"leo-mac","ecs.version":"8.10.0","service.name":"keeps","service.version":"1.0.0","service.environment":"keeps-env","event.dataset":"keeps","message":"Adding to DB"}
{"log.level":"info","@timestamp":"2023-12-23T02:41:42.551Z","process.pid":51123,"host.hostname":"leo-mac","ecs.version":"8.10.0","service.name":"keeps","service.version":"1.0.0","service.environment":"keeps-env","event.dataset":"keeps","message":"Opened API"}
{"log.level":"info","@timestamp":"2023-12-23T02:41:43.738Z","process.pid":51123,"host.hostname":"leo-mac","ecs.version":"8.10.0","service.name":"keeps","service.version":"1.0.0","service.environment":"keeps-env","event.dataset":"keeps","message":"Deleting from DB."}
{"log.level":"info","@timestamp":"2023-12-23T02:41:43.767Z","process.pid":51123,"host.hostname":"leo-mac","ecs.version":"8.10.0","service.name":"keeps","service.version":"1.0.0","service.environment":"keeps-env","event.dataset":"keeps","message":"Opened API"}
{"log.level":"info","@timestamp":"2023-12-23T02:41:44.687Z","process.pid":51123,"host.hostname":"leo-mac","ecs.version":"8.10.0","service.name":"keeps","service.version":"1.0.0","service.environment":"keeps-env","event.dataset":"keeps","message":"Deleting from DB."}
{"log.level":"info","@timestamp":"2023-12-23T02:41:44.715Z","process.pid":51123,"host.hostname":"leo-mac","ecs.version":"8.10.0","service.name":"keeps","service.version":"1.0.0","service.environment":"keeps-env","event.dataset":"keeps","message":"Opened API"}
{"log.level":"info","@timestamp":"2023-12-23T02:59:16.302Z","process.pid":51123,"host.hostname":"leo-mac","ecs.version":"8.10.0","service.name":"keeps","service.version":"1.0.0","service.environment":"keeps-env","event.dataset":"keeps","message":"Adding to DB"}
{"log.level":"info","@timestamp":"2023-12-23T02:59:16.308Z","process.pid":51123,"host.hostname":"leo-mac","ecs.version":"8.10.0","service.name":"keeps","service.version":"1.0.0","service.environment":"keeps-env","event.dataset":"keeps","message":"Opened API"}
{"log.level":"info","@timestamp":"2023-12-23T02:59:20.299Z","process.pid":51123,"host.hostname":"leo-mac","ecs.version":"8.10.0","service.name":"keeps","service.version":"1.0.0","service.environment":"keeps-env","event.dataset":"keeps","message":"Adding to DB"}
{"log.level":"info","@timestamp":"2023-12-23T02:59:20.308Z","process.pid":51123,"host.hostname":"leo-mac","ecs.version":"8.10.0","service.name":"keeps","service.version":"1.0.0","service.environment":"keeps-env","event.dataset":"keeps","message":"Opened API"}
{"log.level":"info","@timestamp":"2023-12-23T02:59:22.366Z","process.pid":51123,"host.hostname":"leo-mac","ecs.version":"8.10.0","service.name":"keeps","service.version":"1.0.0","service.environment":"keeps-env","event.dataset":"keeps","message":"Deleting from DB."}
{"log.level":"info","@timestamp":"2023-12-23T02:59:22.375Z","process.pid":51123,"host.hostname":"leo-mac","ecs.version":"8.10.0","service.name":"keeps","service.version":"1.0.0","service.environment":"keeps-env","event.dataset":"keeps","message":"Opened API"}
{"log.level":"info","@timestamp":"2023-12-23T02:59:23.398Z","process.pid":51123,"host.hostname":"leo-mac","ecs.version":"8.10.0","service.name":"keeps","service.version":"1.0.0","service.environment":"keeps-env","event.dataset":"keeps","message":"Deleting from DB."}
{"log.level":"info","@timestamp":"2023-12-23T02:59:23.409Z","process.pid":51123,"host.hostname":"leo-mac","ecs.version":"8.10.0","service.name":"keeps","service.version":"1.0.0","service.environment":"keeps-env","event.dataset":"keeps","message":"Opened API"}
{"log.level":"info","@timestamp":"2023-12-23T02:59:23.914Z","process.pid":51123,"host.hostname":"leo-mac","ecs.version":"8.10.0","service.name":"keeps","service.version":"1.0.0","service.environment":"keeps-env","event.dataset":"keeps","message":"Deleting from DB."}
{"log.level":"info","@timestamp":"2023-12-23T02:59:23.926Z","process.pid":51123,"host.hostname":"leo-mac","ecs.version":"8.10.0","service.name":"keeps","service.version":"1.0.0","service.environment":"keeps-env","event.dataset":"keeps","message":"Opened API"}
{"log.level":"info","@timestamp":"2023-12-23T02:59:24.365Z","process.pid":51123,"host.hostname":"leo-mac","ecs.version":"8.10.0","service.name":"keeps","service.version":"1.0.0","service.environment":"keeps-env","event.dataset":"keeps","message":"Deleting from DB."}
{"log.level":"info","@timestamp":"2023-12-23T02:59:24.375Z","process.pid":51123,"host.hostname":"leo-mac","ecs.version":"8.10.0","service.name":"keeps","service.version":"1.0.0","service.environment":"keeps-env","event.dataset":"keeps","message":"Opened API"}
{"log.level":"info","@timestamp":"2023-12-23T02:59:24.830Z","process.pid":51123,"host.hostname":"leo-mac","ecs.version":"8.10.0","service.name":"keeps","service.version":"1.0.0","service.environment":"keeps-env","event.dataset":"keeps","message":"Deleting from DB."}
{"log.level":"info","@timestamp":"2023-12-23T02:59:24.842Z","process.pid":51123,"host.hostname":"leo-mac","ecs.version":"8.10.0","service.name":"keeps","service.version":"1.0.0","service.environment":"keeps-env","event.dataset":"keeps","message":"Opened API"}
{"log.level":"info","@timestamp":"2023-12-23T03:06:47.749Z","process.pid":51123,"host.hostname":"leo-mac","ecs.version":"8.10.0","service.name":"keeps","service.version":"1.0.0","service.environment":"keeps-env","event.dataset":"keeps","message":"Adding to DB"}
{"log.level":"info","@timestamp":"2023-12-23T03:06:47.756Z","process.pid":51123,"host.hostname":"leo-mac","ecs.version":"8.10.0","service.name":"keeps","service.version":"1.0.0","service.environment":"keeps-env","event.dataset":"keeps","message":"Opened API"}
{"log.level":"info","@timestamp":"2023-12-23T03:06:51.979Z","process.pid":51123,"host.hostname":"leo-mac","ecs.version":"8.10.0","service.name":"keeps","service.version":"1.0.0","service.environment":"keeps-env","event.dataset":"keeps","message":"Adding to DB"}
{"log.level":"info","@timestamp":"2023-12-23T03:06:51.989Z","process.pid":51123,"host.hostname":"leo-mac","ecs.version":"8.10.0","service.name":"keeps","service.version":"1.0.0","service.environment":"keeps-env","event.dataset":"keeps","message":"Opened API"}
{"log.level":"info","@timestamp":"2023-12-23T03:06:53.346Z","process.pid":51123,"host.hostname":"leo-mac","ecs.version":"8.10.0","service.name":"keeps","service.version":"1.0.0","service.environment":"keeps-env","event.dataset":"keeps","message":"Deleting from DB."}
{"log.level":"info","@timestamp":"2023-12-23T03:06:53.356Z","process.pid":51123,"host.hostname":"leo-mac","ecs.version":"8.10.0","service.name":"keeps","service.version":"1.0.0","service.environment":"keeps-env","event.dataset":"keeps","message":"Opened API"}
{"log.level":"info","@timestamp":"2023-12-23T03:06:54.111Z","process.pid":51123,"host.hostname":"leo-mac","ecs.version":"8.10.0","service.name":"keeps","service.version":"1.0.0","service.environment":"keeps-env","event.dataset":"keeps","message":"Deleting from DB."}
{"log.level":"info","@timestamp":"2023-12-23T03:06:54.123Z","process.pid":51123,"host.hostname":"leo-mac","ecs.version":"8.10.0","service.name":"keeps","service.version":"1.0.0","service.environment":"keeps-env","event.dataset":"keeps","message":"Opened API"}
{"log.level":"info","@timestamp":"2023-12-23T03:22:09.129Z","process.pid":51123,"host.hostname":"leo-mac","ecs.version":"8.10.0","service.name":"keeps","service.version":"1.0.0","service.environment":"keeps-env","event.dataset":"keeps","message":"Adding to DB"}
{"log.level":"info","@timestamp":"2023-12-23T03:22:09.136Z","process.pid":51123,"host.hostname":"leo-mac","ecs.version":"8.10.0","service.name":"keeps","service.version":"1.0.0","service.environment":"keeps-env","event.dataset":"keeps","message":"Opened API"}
{"log.level":"info","@timestamp":"2023-12-23T03:30:00.832Z","process.pid":51643,"host.hostname":"leo-mac","ecs.version":"8.10.0","service.name":"keeps","service.version":"1.0.0","service.environment":"keeps-env","event.dataset":"keeps","message":"Connected to database."}
{"log.level":"info","@timestamp":"2023-12-23T03:30:00.834Z","process.pid":51643,"host.hostname":"leo-mac","ecs.version":"8.10.0","service.name":"keeps","service.version":"1.0.0","service.environment":"keeps-env","event.dataset":"keeps","message":"Listening on port 7777"}
{"log.level":"info","@timestamp":"2023-12-23T03:54:29.282Z","process.pid":51643,"host.hostname":"leo-mac","ecs.version":"8.10.0","service.name":"keeps","service.version":"1.0.0","service.environment":"keeps-env","event.dataset":"keeps","message":"Adding to DB"}
{"log.level":"info","@timestamp":"2023-12-23T03:54:29.291Z","process.pid":51643,"host.hostname":"leo-mac","ecs.version":"8.10.0","service.name":"keeps","service.version":"1.0.0","service.environment":"keeps-env","event.dataset":"keeps","message":"Opened API"}
{"log.level":"info","@timestamp":"2023-12-23T03:54:32.857Z","process.pid":51643,"host.hostname":"leo-mac","ecs.version":"8.10.0","service.name":"keeps","service.version":"1.0.0","service.environment":"keeps-env","event.dataset":"keeps","message":"Adding to DB"}
{"log.level":"info","@timestamp":"2023-12-23T03:54:32.865Z","process.pid":51643,"host.hostname":"leo-mac","ecs.version":"8.10.0","service.name":"keeps","service.version":"1.0.0","service.environment":"keeps-env","event.dataset":"keeps","message":"Opened API"}
